==11== Memcheck, a memory error detector
==11== Copyright (C) 2002-2017, and GNU GPL'd, by Julian Seward et al.
==11== Using Valgrind-3.13.0 and LibVEX; rerun with -h for copyright info
==11== Command: atlantisMerged -i INIT_VMPA_Jan2015.nc 0 -o outputSETAS.nc -r VMPA_setas_run_fishing_F_Trunk.prm -f VMPA_setas_force_fish_Trunk.prm -p VMPA_setas_physics.prm -b VMPA_setas_biol_fishing_Trunk.prm -h VMPA_setas_harvest_F_Trunk.prm -s SETasGroupsDem.csv -q SETasFisheries.csv -d outputFolder
==11== Parent PID: 7
==11== 
==11== 
==11== FILE DESCRIPTORS: 4 open at exit.
==11== Open file descriptor 3: /app/model/valgrind11.log
==11==    <inherited from parent>
==11== 
==11== Open file descriptor 2:
==11==    <inherited from parent>
==11== 
==11== Open file descriptor 1:
==11==    <inherited from parent>
==11== 
==11== Open file descriptor 0: /dev/null
==11==    <inherited from parent>
==11== 
==11== 
==11== HEAP SUMMARY:
==11==     in use at exit: 98,354 bytes in 711 blocks
==11==   total heap usage: 9,928,638 allocs, 9,927,927 frees, 1,035,606,359 bytes allocated
==11== 
==11== 5 bytes in 1 blocks are still reachable in loss record 1 of 29
==11==    at 0x4C31B0F: malloc (in /usr/lib/valgrind/vgpreload_memcheck-amd64-linux.so)
==11==    by 0x5490915: NCDISPATCH_initialize (in /usr/lib/x86_64-linux-gnu/libnetcdf.so.13)
==11==    by 0x5485CD3: nc_initialize (in /usr/lib/x86_64-linux-gnu/libnetcdf.so.13)
==11==    by 0x5487F6B: NC_open (in /usr/lib/x86_64-linux-gnu/libnetcdf.so.13)
==11==    by 0x54881B3: nc_open (in /usr/lib/x86_64-linux-gnu/libnetcdf.so.13)
==11==    by 0x549C351: ncopen (in /usr/lib/x86_64-linux-gnu/libnetcdf.so.13)
==11==    by 0x119915: Util_ncopen (atUtil.c:1022)
==11==    by 0x10EC00: setupMSEBoxModel (atlantismain.c:961)
==11==    by 0x10D6E4: main (atlantismain.c:559)
==11== 
==11== 6 bytes in 1 blocks are still reachable in loss record 2 of 29
==11==    at 0x4C31B0F: malloc (in /usr/lib/valgrind/vgpreload_memcheck-amd64-linux.so)
==11==    by 0x54909C6: NCDISPATCH_initialize (in /usr/lib/x86_64-linux-gnu/libnetcdf.so.13)
==11==    by 0x5485CD3: nc_initialize (in /usr/lib/x86_64-linux-gnu/libnetcdf.so.13)
==11==    by 0x5487F6B: NC_open (in /usr/lib/x86_64-linux-gnu/libnetcdf.so.13)
==11==    by 0x54881B3: nc_open (in /usr/lib/x86_64-linux-gnu/libnetcdf.so.13)
==11==    by 0x549C351: ncopen (in /usr/lib/x86_64-linux-gnu/libnetcdf.so.13)
==11==    by 0x119915: Util_ncopen (atUtil.c:1022)
==11==    by 0x10EC00: setupMSEBoxModel (atlantismain.c:961)
==11==    by 0x10D6E4: main (atlantismain.c:559)
==11== 
==11== 8 bytes in 1 blocks are still reachable in loss record 3 of 29
==11==    at 0x4C33B25: calloc (in /usr/lib/valgrind/vgpreload_memcheck-amd64-linux.so)
==11==    by 0x6FDE9FE: H5TS_cancel_count_inc (in /usr/lib/x86_64-linux-gnu/libhdf5_serial.so.100.0.1)
==11==    by 0x6D8ED6A: H5get_libversion (in /usr/lib/x86_64-linux-gnu/libhdf5_serial.so.100.0.1)
==11==    by 0x54D61D8: NC4_hdf5get_libversion (in /usr/lib/x86_64-linux-gnu/libnetcdf.so.13)
==11==    by 0x54D6382: NC4_fileinfo_init (in /usr/lib/x86_64-linux-gnu/libnetcdf.so.13)
==11==    by 0x5487F6B: NC_open (in /usr/lib/x86_64-linux-gnu/libnetcdf.so.13)
==11==    by 0x54881B3: nc_open (in /usr/lib/x86_64-linux-gnu/libnetcdf.so.13)
==11==    by 0x549C351: ncopen (in /usr/lib/x86_64-linux-gnu/libnetcdf.so.13)
==11==    by 0x119915: Util_ncopen (atUtil.c:1022)
==11==    by 0x10EC00: setupMSEBoxModel (atlantismain.c:961)
==11==    by 0x10D6E4: main (atlantismain.c:559)
==11== 
==11== 32 bytes in 1 blocks are still reachable in loss record 4 of 29
==11==    at 0x4C33B25: calloc (in /usr/lib/valgrind/vgpreload_memcheck-amd64-linux.so)
==11==    by 0xA380C5A: ??? (in /usr/lib/x86_64-linux-gnu/libgnutls.so.30.14.10)
==11==    by 0xA410371: ??? (in /usr/lib/x86_64-linux-gnu/libgnutls.so.30.14.10)
==11==    by 0xA36BF58: ??? (in /usr/lib/x86_64-linux-gnu/libgnutls.so.30.14.10)
==11==    by 0xA34A650: ??? (in /usr/lib/x86_64-linux-gnu/libgnutls.so.30.14.10)
==11==    by 0x40108D2: call_init (dl-init.c:72)
==11==    by 0x40108D2: _dl_init (dl-init.c:119)
==11==    by 0x40010C9: ??? (in /lib/x86_64-linux-gnu/ld-2.27.so)
==11==    by 0x15: ???
==11==    by 0x1FFF000D72: ???
==11==    by 0x1FFF000D81: ???
==11==    by 0x1FFF000D84: ???
==11==    by 0x1FFF000D99: ???
==11== 
==11== 32 bytes in 1 blocks are still reachable in loss record 5 of 29
==11==    at 0x4C33B25: calloc (in /usr/lib/valgrind/vgpreload_memcheck-amd64-linux.so)
==11==    by 0xA380C5A: ??? (in /usr/lib/x86_64-linux-gnu/libgnutls.so.30.14.10)
==11==    by 0xA410391: ??? (in /usr/lib/x86_64-linux-gnu/libgnutls.so.30.14.10)
==11==    by 0xA36BF58: ??? (in /usr/lib/x86_64-linux-gnu/libgnutls.so.30.14.10)
==11==    by 0xA34A650: ??? (in /usr/lib/x86_64-linux-gnu/libgnutls.so.30.14.10)
==11==    by 0x40108D2: call_init (dl-init.c:72)
==11==    by 0x40108D2: _dl_init (dl-init.c:119)
==11==    by 0x40010C9: ??? (in /lib/x86_64-linux-gnu/ld-2.27.so)
==11==    by 0x15: ???
==11==    by 0x1FFF000D72: ???
==11==    by 0x1FFF000D81: ???
==11==    by 0x1FFF000D84: ???
==11==    by 0x1FFF000D99: ???
==11== 
==11== 32 bytes in 1 blocks are still reachable in loss record 6 of 29
==11==    at 0x4C33B25: calloc (in /usr/lib/valgrind/vgpreload_memcheck-amd64-linux.so)
==11==    by 0xA380C5A: ??? (in /usr/lib/x86_64-linux-gnu/libgnutls.so.30.14.10)
==11==    by 0xA4103B1: ??? (in /usr/lib/x86_64-linux-gnu/libgnutls.so.30.14.10)
==11==    by 0xA36BF58: ??? (in /usr/lib/x86_64-linux-gnu/libgnutls.so.30.14.10)
==11==    by 0xA34A650: ??? (in /usr/lib/x86_64-linux-gnu/libgnutls.so.30.14.10)
==11==    by 0x40108D2: call_init (dl-init.c:72)
==11==    by 0x40108D2: _dl_init (dl-init.c:119)
==11==    by 0x40010C9: ??? (in /lib/x86_64-linux-gnu/ld-2.27.so)
==11==    by 0x15: ???
==11==    by 0x1FFF000D72: ???
==11==    by 0x1FFF000D81: ???
==11==    by 0x1FFF000D84: ???
==11==    by 0x1FFF000D99: ???
==11== 
==11== 32 bytes in 1 blocks are still reachable in loss record 7 of 29
==11==    at 0x4C33B25: calloc (in /usr/lib/valgrind/vgpreload_memcheck-amd64-linux.so)
==11==    by 0xA380C5A: ??? (in /usr/lib/x86_64-linux-gnu/libgnutls.so.30.14.10)
==11==    by 0xA4103D1: ??? (in /usr/lib/x86_64-linux-gnu/libgnutls.so.30.14.10)
==11==    by 0xA36BF58: ??? (in /usr/lib/x86_64-linux-gnu/libgnutls.so.30.14.10)
==11==    by 0xA34A650: ??? (in /usr/lib/x86_64-linux-gnu/libgnutls.so.30.14.10)
==11==    by 0x40108D2: call_init (dl-init.c:72)
==11==    by 0x40108D2: _dl_init (dl-init.c:119)
==11==    by 0x40010C9: ??? (in /lib/x86_64-linux-gnu/ld-2.27.so)
==11==    by 0x15: ???
==11==    by 0x1FFF000D72: ???
==11==    by 0x1FFF000D81: ???
==11==    by 0x1FFF000D84: ???
==11==    by 0x1FFF000D99: ???
==11== 
==11== 32 bytes in 1 blocks are still reachable in loss record 8 of 29
==11==    at 0x4C33B25: calloc (in /usr/lib/valgrind/vgpreload_memcheck-amd64-linux.so)
==11==    by 0xA380C5A: ??? (in /usr/lib/x86_64-linux-gnu/libgnutls.so.30.14.10)
==11==    by 0xA4103F1: ??? (in /usr/lib/x86_64-linux-gnu/libgnutls.so.30.14.10)
==11==    by 0xA36BF58: ??? (in /usr/lib/x86_64-linux-gnu/libgnutls.so.30.14.10)
==11==    by 0xA34A650: ??? (in /usr/lib/x86_64-linux-gnu/libgnutls.so.30.14.10)
==11==    by 0x40108D2: call_init (dl-init.c:72)
==11==    by 0x40108D2: _dl_init (dl-init.c:119)
==11==    by 0x40010C9: ??? (in /lib/x86_64-linux-gnu/ld-2.27.so)
==11==    by 0x15: ???
==11==    by 0x1FFF000D72: ???
==11==    by 0x1FFF000D81: ???
==11==    by 0x1FFF000D84: ???
==11==    by 0x1FFF000D99: ???
==11== 
==11== 32 bytes in 1 blocks are still reachable in loss record 9 of 29
==11==    at 0x4C33B25: calloc (in /usr/lib/valgrind/vgpreload_memcheck-amd64-linux.so)
==11==    by 0xA380C5A: ??? (in /usr/lib/x86_64-linux-gnu/libgnutls.so.30.14.10)
==11==    by 0xA410411: ??? (in /usr/lib/x86_64-linux-gnu/libgnutls.so.30.14.10)
==11==    by 0xA36BF58: ??? (in /usr/lib/x86_64-linux-gnu/libgnutls.so.30.14.10)
==11==    by 0xA34A650: ??? (in /usr/lib/x86_64-linux-gnu/libgnutls.so.30.14.10)
==11==    by 0x40108D2: call_init (dl-init.c:72)
==11==    by 0x40108D2: _dl_init (dl-init.c:119)
==11==    by 0x40010C9: ??? (in /lib/x86_64-linux-gnu/ld-2.27.so)
==11==    by 0x15: ???
==11==    by 0x1FFF000D72: ???
==11==    by 0x1FFF000D81: ???
==11==    by 0x1FFF000D84: ???
==11==    by 0x1FFF000D99: ???
==11== 
==11== 32 bytes in 1 blocks are still reachable in loss record 10 of 29
==11==    at 0x4C33B25: calloc (in /usr/lib/valgrind/vgpreload_memcheck-amd64-linux.so)
==11==    by 0xA380C5A: ??? (in /usr/lib/x86_64-linux-gnu/libgnutls.so.30.14.10)
==11==    by 0xA410431: ??? (in /usr/lib/x86_64-linux-gnu/libgnutls.so.30.14.10)
==11==    by 0xA36BF58: ??? (in /usr/lib/x86_64-linux-gnu/libgnutls.so.30.14.10)
==11==    by 0xA34A650: ??? (in /usr/lib/x86_64-linux-gnu/libgnutls.so.30.14.10)
==11==    by 0x40108D2: call_init (dl-init.c:72)
==11==    by 0x40108D2: _dl_init (dl-init.c:119)
==11==    by 0x40010C9: ??? (in /lib/x86_64-linux-gnu/ld-2.27.so)
==11==    by 0x15: ???
==11==    by 0x1FFF000D72: ???
==11==    by 0x1FFF000D81: ???
==11==    by 0x1FFF000D84: ???
==11==    by 0x1FFF000D99: ???
==11== 
==11== 32 bytes in 1 blocks are still reachable in loss record 11 of 29
==11==    at 0x4C33B25: calloc (in /usr/lib/valgrind/vgpreload_memcheck-amd64-linux.so)
==11==    by 0xA380C5A: ??? (in /usr/lib/x86_64-linux-gnu/libgnutls.so.30.14.10)
==11==    by 0xA410451: ??? (in /usr/lib/x86_64-linux-gnu/libgnutls.so.30.14.10)
==11==    by 0xA36BF58: ??? (in /usr/lib/x86_64-linux-gnu/libgnutls.so.30.14.10)
==11==    by 0xA34A650: ??? (in /usr/lib/x86_64-linux-gnu/libgnutls.so.30.14.10)
==11==    by 0x40108D2: call_init (dl-init.c:72)
==11==    by 0x40108D2: _dl_init (dl-init.c:119)
==11==    by 0x40010C9: ??? (in /lib/x86_64-linux-gnu/ld-2.27.so)
==11==    by 0x15: ???
==11==    by 0x1FFF000D72: ???
==11==    by 0x1FFF000D81: ???
==11==    by 0x1FFF000D84: ???
==11==    by 0x1FFF000D99: ???
==11== 
==11== 32 bytes in 1 blocks are still reachable in loss record 12 of 29
==11==    at 0x4C33B25: calloc (in /usr/lib/valgrind/vgpreload_memcheck-amd64-linux.so)
==11==    by 0xA380C5A: ??? (in /usr/lib/x86_64-linux-gnu/libgnutls.so.30.14.10)
==11==    by 0xA410471: ??? (in /usr/lib/x86_64-linux-gnu/libgnutls.so.30.14.10)
==11==    by 0xA36BF58: ??? (in /usr/lib/x86_64-linux-gnu/libgnutls.so.30.14.10)
==11==    by 0xA34A650: ??? (in /usr/lib/x86_64-linux-gnu/libgnutls.so.30.14.10)
==11==    by 0x40108D2: call_init (dl-init.c:72)
==11==    by 0x40108D2: _dl_init (dl-init.c:119)
==11==    by 0x40010C9: ??? (in /lib/x86_64-linux-gnu/ld-2.27.so)
==11==    by 0x15: ???
==11==    by 0x1FFF000D72: ???
==11==    by 0x1FFF000D81: ???
==11==    by 0x1FFF000D84: ???
==11==    by 0x1FFF000D99: ???
==11== 
==11== 32 bytes in 1 blocks are still reachable in loss record 13 of 29
==11==    at 0x4C33B25: calloc (in /usr/lib/valgrind/vgpreload_memcheck-amd64-linux.so)
==11==    by 0xA380C5A: ??? (in /usr/lib/x86_64-linux-gnu/libgnutls.so.30.14.10)
==11==    by 0xA410491: ??? (in /usr/lib/x86_64-linux-gnu/libgnutls.so.30.14.10)
==11==    by 0xA36BF58: ??? (in /usr/lib/x86_64-linux-gnu/libgnutls.so.30.14.10)
==11==    by 0xA34A650: ??? (in /usr/lib/x86_64-linux-gnu/libgnutls.so.30.14.10)
==11==    by 0x40108D2: call_init (dl-init.c:72)
==11==    by 0x40108D2: _dl_init (dl-init.c:119)
==11==    by 0x40010C9: ??? (in /lib/x86_64-linux-gnu/ld-2.27.so)
==11==    by 0x15: ???
==11==    by 0x1FFF000D72: ???
==11==    by 0x1FFF000D81: ???
==11==    by 0x1FFF000D84: ???
==11==    by 0x1FFF000D99: ???
==11== 
==11== 32 bytes in 1 blocks are still reachable in loss record 14 of 29
==11==    at 0x4C33B25: calloc (in /usr/lib/valgrind/vgpreload_memcheck-amd64-linux.so)
==11==    by 0xA380C5A: ??? (in /usr/lib/x86_64-linux-gnu/libgnutls.so.30.14.10)
==11==    by 0xA4104B1: ??? (in /usr/lib/x86_64-linux-gnu/libgnutls.so.30.14.10)
==11==    by 0xA36BF58: ??? (in /usr/lib/x86_64-linux-gnu/libgnutls.so.30.14.10)
==11==    by 0xA34A650: ??? (in /usr/lib/x86_64-linux-gnu/libgnutls.so.30.14.10)
==11==    by 0x40108D2: call_init (dl-init.c:72)
==11==    by 0x40108D2: _dl_init (dl-init.c:119)
==11==    by 0x40010C9: ??? (in /lib/x86_64-linux-gnu/ld-2.27.so)
==11==    by 0x15: ???
==11==    by 0x1FFF000D72: ???
==11==    by 0x1FFF000D81: ???
==11==    by 0x1FFF000D84: ???
==11==    by 0x1FFF000D99: ???
==11== 
==11== 32 bytes in 1 blocks are still reachable in loss record 15 of 29
==11==    at 0x4C33B25: calloc (in /usr/lib/valgrind/vgpreload_memcheck-amd64-linux.so)
==11==    by 0xA380C5A: ??? (in /usr/lib/x86_64-linux-gnu/libgnutls.so.30.14.10)
==11==    by 0xA410552: ??? (in /usr/lib/x86_64-linux-gnu/libgnutls.so.30.14.10)
==11==    by 0xA36BF58: ??? (in /usr/lib/x86_64-linux-gnu/libgnutls.so.30.14.10)
==11==    by 0xA34A650: ??? (in /usr/lib/x86_64-linux-gnu/libgnutls.so.30.14.10)
==11==    by 0x40108D2: call_init (dl-init.c:72)
==11==    by 0x40108D2: _dl_init (dl-init.c:119)
==11==    by 0x40010C9: ??? (in /lib/x86_64-linux-gnu/ld-2.27.so)
==11==    by 0x15: ???
==11==    by 0x1FFF000D72: ???
==11==    by 0x1FFF000D81: ???
==11==    by 0x1FFF000D84: ???
==11==    by 0x1FFF000D99: ???
==11== 
==11== 32 bytes in 1 blocks are still reachable in loss record 16 of 29
==11==    at 0x4C33B25: calloc (in /usr/lib/valgrind/vgpreload_memcheck-amd64-linux.so)
==11==    by 0xA380C5A: ??? (in /usr/lib/x86_64-linux-gnu/libgnutls.so.30.14.10)
==11==    by 0xA410572: ??? (in /usr/lib/x86_64-linux-gnu/libgnutls.so.30.14.10)
==11==    by 0xA36BF58: ??? (in /usr/lib/x86_64-linux-gnu/libgnutls.so.30.14.10)
==11==    by 0xA34A650: ??? (in /usr/lib/x86_64-linux-gnu/libgnutls.so.30.14.10)
==11==    by 0x40108D2: call_init (dl-init.c:72)
==11==    by 0x40108D2: _dl_init (dl-init.c:119)
==11==    by 0x40010C9: ??? (in /lib/x86_64-linux-gnu/ld-2.27.so)
==11==    by 0x15: ???
==11==    by 0x1FFF000D72: ???
==11==    by 0x1FFF000D81: ???
==11==    by 0x1FFF000D84: ???
==11==    by 0x1FFF000D99: ???
==11== 
==11== 32 bytes in 1 blocks are still reachable in loss record 17 of 29
==11==    at 0x4C33B25: calloc (in /usr/lib/valgrind/vgpreload_memcheck-amd64-linux.so)
==11==    by 0xA380C5A: ??? (in /usr/lib/x86_64-linux-gnu/libgnutls.so.30.14.10)
==11==    by 0xA410592: ??? (in /usr/lib/x86_64-linux-gnu/libgnutls.so.30.14.10)
==11==    by 0xA36BF58: ??? (in /usr/lib/x86_64-linux-gnu/libgnutls.so.30.14.10)
==11==    by 0xA34A650: ??? (in /usr/lib/x86_64-linux-gnu/libgnutls.so.30.14.10)
==11==    by 0x40108D2: call_init (dl-init.c:72)
==11==    by 0x40108D2: _dl_init (dl-init.c:119)
==11==    by 0x40010C9: ??? (in /lib/x86_64-linux-gnu/ld-2.27.so)
==11==    by 0x15: ???
==11==    by 0x1FFF000D72: ???
==11==    by 0x1FFF000D81: ???
==11==    by 0x1FFF000D84: ???
==11==    by 0x1FFF000D99: ???
==11== 
==11== 32 bytes in 1 blocks are still reachable in loss record 18 of 29
==11==    at 0x4C33B25: calloc (in /usr/lib/valgrind/vgpreload_memcheck-amd64-linux.so)
==11==    by 0xA380C5A: ??? (in /usr/lib/x86_64-linux-gnu/libgnutls.so.30.14.10)
==11==    by 0xA4105B2: ??? (in /usr/lib/x86_64-linux-gnu/libgnutls.so.30.14.10)
==11==    by 0xA36BF58: ??? (in /usr/lib/x86_64-linux-gnu/libgnutls.so.30.14.10)
==11==    by 0xA34A650: ??? (in /usr/lib/x86_64-linux-gnu/libgnutls.so.30.14.10)
==11==    by 0x40108D2: call_init (dl-init.c:72)
==11==    by 0x40108D2: _dl_init (dl-init.c:119)
==11==    by 0x40010C9: ??? (in /lib/x86_64-linux-gnu/ld-2.27.so)
==11==    by 0x15: ???
==11==    by 0x1FFF000D72: ???
==11==    by 0x1FFF000D81: ???
==11==    by 0x1FFF000D84: ???
==11==    by 0x1FFF000D99: ???
==11== 
==11== 32 bytes in 1 blocks are still reachable in loss record 19 of 29
==11==    at 0x4C33B25: calloc (in /usr/lib/valgrind/vgpreload_memcheck-amd64-linux.so)
==11==    by 0x5F1A7F4: _dlerror_run (dlerror.c:140)
==11==    by 0x5F1A050: dlopen@@GLIBC_2.2.5 (dlopen.c:87)
==11==    by 0x66F4D25: ??? (in /lib/x86_64-linux-gnu/liblzma.so.5.2.2)
==11==    by 0x66FB617: lzma_auto_decoder (in /lib/x86_64-linux-gnu/liblzma.so.5.2.2)
==11==    by 0x4FA0C4C: ??? (in /usr/lib/x86_64-linux-gnu/libxml2.so.2.9.4)
==11==    by 0x4FA2237: __libxml2_xzread (in /usr/lib/x86_64-linux-gnu/libxml2.so.2.9.4)
==11==    by 0x4EAE6E8: ??? (in /usr/lib/x86_64-linux-gnu/libxml2.so.2.9.4)
==11==    by 0x4EB0CC8: xmlParserInputBufferGrow (in /usr/lib/x86_64-linux-gnu/libxml2.so.2.9.4)
==11==    by 0x4E7605F: xmlParserInputGrow (in /usr/lib/x86_64-linux-gnu/libxml2.so.2.9.4)
==11==    by 0x4E7C4C3: ??? (in /usr/lib/x86_64-linux-gnu/libxml2.so.2.9.4)
==11==    by 0x4E913C4: xmlParseDocument (in /usr/lib/x86_64-linux-gnu/libxml2.so.2.9.4)
==11== 
==11== 40 bytes in 1 blocks are still reachable in loss record 20 of 29
==11==    at 0x4C31B0F: malloc (in /usr/lib/valgrind/vgpreload_memcheck-amd64-linux.so)
==11==    by 0xA370220: ??? (in /usr/lib/x86_64-linux-gnu/libgnutls.so.30.14.10)
==11==    by 0xA36BEB6: ??? (in /usr/lib/x86_64-linux-gnu/libgnutls.so.30.14.10)
==11==    by 0xA34A650: ??? (in /usr/lib/x86_64-linux-gnu/libgnutls.so.30.14.10)
==11==    by 0x40108D2: call_init (dl-init.c:72)
==11==    by 0x40108D2: _dl_init (dl-init.c:119)
==11==    by 0x40010C9: ??? (in /lib/x86_64-linux-gnu/ld-2.27.so)
==11==    by 0x15: ???
==11==    by 0x1FFF000D72: ???
==11==    by 0x1FFF000D81: ???
==11==    by 0x1FFF000D84: ???
==11==    by 0x1FFF000D99: ???
==11==    by 0x1FFF000D9B: ???
==11== 
==11== 40 bytes in 1 blocks are still reachable in loss record 21 of 29
==11==    at 0x4C31B0F: malloc (in /usr/lib/valgrind/vgpreload_memcheck-amd64-linux.so)
==11==    by 0xA370220: ??? (in /usr/lib/x86_64-linux-gnu/libgnutls.so.30.14.10)
==11==    by 0xA36BECB: ??? (in /usr/lib/x86_64-linux-gnu/libgnutls.so.30.14.10)
==11==    by 0xA34A650: ??? (in /usr/lib/x86_64-linux-gnu/libgnutls.so.30.14.10)
==11==    by 0x40108D2: call_init (dl-init.c:72)
==11==    by 0x40108D2: _dl_init (dl-init.c:119)
==11==    by 0x40010C9: ??? (in /lib/x86_64-linux-gnu/ld-2.27.so)
==11==    by 0x15: ???
==11==    by 0x1FFF000D72: ???
==11==    by 0x1FFF000D81: ???
==11==    by 0x1FFF000D84: ???
==11==    by 0x1FFF000D99: ???
==11==    by 0x1FFF000D9B: ???
==11== 
==11== 44 bytes in 1 blocks are still reachable in loss record 22 of 29
==11==    at 0x4C31B0F: malloc (in /usr/lib/valgrind/vgpreload_memcheck-amd64-linux.so)
==11==    by 0x4017A20: _dl_exception_create (dl-exception.c:77)
==11==    by 0x5C8F160: _dl_signal_error (dl-error-skeleton.c:117)
==11==    by 0x40099C2: _dl_map_object (dl-load.c:2455)
==11==    by 0x4015083: dl_open_worker (dl-open.c:235)
==11==    by 0x5C8F1EE: _dl_catch_exception (dl-error-skeleton.c:196)
==11==    by 0x4014969: _dl_open (dl-open.c:605)
==11==    by 0x5F19F95: dlopen_doit (dlopen.c:66)
==11==    by 0x5C8F1EE: _dl_catch_exception (dl-error-skeleton.c:196)
==11==    by 0x5C8F27E: _dl_catch_error (dl-error-skeleton.c:215)
==11==    by 0x5F1A744: _dlerror_run (dlerror.c:162)
==11==    by 0x5F1A050: dlopen@@GLIBC_2.2.5 (dlopen.c:87)
==11== 
==11== 62 bytes in 3 blocks are still reachable in loss record 23 of 29
==11==    at 0x4C31B0F: malloc (in /usr/lib/valgrind/vgpreload_memcheck-amd64-linux.so)
==11==    by 0xBAA6A50: ??? (in /usr/lib/x86_64-linux-gnu/libtasn1.so.6.5.5)
==11==    by 0xBAA7CB1: asn1_array2tree (in /usr/lib/x86_64-linux-gnu/libtasn1.so.6.5.5)
==11==    by 0xA36BDFC: ??? (in /usr/lib/x86_64-linux-gnu/libgnutls.so.30.14.10)
==11==    by 0xA34A650: ??? (in /usr/lib/x86_64-linux-gnu/libgnutls.so.30.14.10)
==11==    by 0x40108D2: call_init (dl-init.c:72)
==11==    by 0x40108D2: _dl_init (dl-init.c:119)
==11==    by 0x40010C9: ??? (in /lib/x86_64-linux-gnu/ld-2.27.so)
==11==    by 0x15: ???
==11==    by 0x1FFF000D72: ???
==11==    by 0x1FFF000D81: ???
==11==    by 0x1FFF000D84: ???
==11==    by 0x1FFF000D99: ???
==11== 
==11== 88 bytes in 1 blocks are still reachable in loss record 24 of 29
==11==    at 0x4C31B0F: malloc (in /usr/lib/valgrind/vgpreload_memcheck-amd64-linux.so)
==11==    by 0x386F6F: d_alloc2d (memory.c:627)
==11==    by 0x10F11A: setupMSEBoxModel (atlantismain.c:1043)
==11==    by 0x10D6E4: main (atlantismain.c:559)
==11== 
==11== 616 bytes in 1 blocks are still reachable in loss record 25 of 29
==11==    at 0x4C31B0F: malloc (in /usr/lib/valgrind/vgpreload_memcheck-amd64-linux.so)
==11==    by 0x386F02: d_alloc2d (memory.c:620)
==11==    by 0x10F11A: setupMSEBoxModel (atlantismain.c:1043)
==11==    by 0x10D6E4: main (atlantismain.c:559)
==11== 
==11== 1,453 bytes in 67 blocks are still reachable in loss record 26 of 29
==11==    at 0x4C31B0F: malloc (in /usr/lib/valgrind/vgpreload_memcheck-amd64-linux.so)
==11==    by 0xBAA6A50: ??? (in /usr/lib/x86_64-linux-gnu/libtasn1.so.6.5.5)
==11==    by 0xBAA7CB1: asn1_array2tree (in /usr/lib/x86_64-linux-gnu/libtasn1.so.6.5.5)
==11==    by 0xA36BD14: ??? (in /usr/lib/x86_64-linux-gnu/libgnutls.so.30.14.10)
==11==    by 0xA34A650: ??? (in /usr/lib/x86_64-linux-gnu/libgnutls.so.30.14.10)
==11==    by 0x40108D2: call_init (dl-init.c:72)
==11==    by 0x40108D2: _dl_init (dl-init.c:119)
==11==    by 0x40010C9: ??? (in /lib/x86_64-linux-gnu/ld-2.27.so)
==11==    by 0x15: ???
==11==    by 0x1FFF000D72: ???
==11==    by 0x1FFF000D81: ???
==11==    by 0x1FFF000D84: ???
==11==    by 0x1FFF000D99: ???
==11== 
==11== 1,848 bytes in 1 blocks are still reachable in loss record 27 of 29
==11==    at 0x4C31B0F: malloc (in /usr/lib/valgrind/vgpreload_memcheck-amd64-linux.so)
==11==    by 0x6E14121: H5E_get_stack (in /usr/lib/x86_64-linux-gnu/libhdf5_serial.so.100.0.1)
==11==    by 0x6E18D64: H5E_clear_stack (in /usr/lib/x86_64-linux-gnu/libhdf5_serial.so.100.0.1)
==11==    by 0x6D8ED8C: H5get_libversion (in /usr/lib/x86_64-linux-gnu/libhdf5_serial.so.100.0.1)
==11==    by 0x54D61D8: NC4_hdf5get_libversion (in /usr/lib/x86_64-linux-gnu/libnetcdf.so.13)
==11==    by 0x54D6382: NC4_fileinfo_init (in /usr/lib/x86_64-linux-gnu/libnetcdf.so.13)
==11==    by 0x5487F6B: NC_open (in /usr/lib/x86_64-linux-gnu/libnetcdf.so.13)
==11==    by 0x54881B3: nc_open (in /usr/lib/x86_64-linux-gnu/libnetcdf.so.13)
==11==    by 0x549C351: ncopen (in /usr/lib/x86_64-linux-gnu/libnetcdf.so.13)
==11==    by 0x119915: Util_ncopen (atUtil.c:1022)
==11==    by 0x10EC00: setupMSEBoxModel (atlantismain.c:961)
==11==    by 0x10D6E4: main (atlantismain.c:559)
==11== 
==11== 12,312 bytes in 81 blocks are still reachable in loss record 28 of 29
==11==    at 0x4C33B25: calloc (in /usr/lib/valgrind/vgpreload_memcheck-amd64-linux.so)
==11==    by 0xBAA6736: ??? (in /usr/lib/x86_64-linux-gnu/libtasn1.so.6.5.5)
==11==    by 0xBAA7C79: asn1_array2tree (in /usr/lib/x86_64-linux-gnu/libtasn1.so.6.5.5)
==11==    by 0xA36BDFC: ??? (in /usr/lib/x86_64-linux-gnu/libgnutls.so.30.14.10)
==11==    by 0xA34A650: ??? (in /usr/lib/x86_64-linux-gnu/libgnutls.so.30.14.10)
==11==    by 0x40108D2: call_init (dl-init.c:72)
==11==    by 0x40108D2: _dl_init (dl-init.c:119)
==11==    by 0x40010C9: ??? (in /lib/x86_64-linux-gnu/ld-2.27.so)
==11==    by 0x15: ???
==11==    by 0x1FFF000D72: ???
==11==    by 0x1FFF000D81: ???
==11==    by 0x1FFF000D84: ???
==11==    by 0x1FFF000D99: ???
==11== 
==11== 81,320 bytes in 535 blocks are still reachable in loss record 29 of 29
==11==    at 0x4C33B25: calloc (in /usr/lib/valgrind/vgpreload_memcheck-amd64-linux.so)
==11==    by 0xBAA6736: ??? (in /usr/lib/x86_64-linux-gnu/libtasn1.so.6.5.5)
==11==    by 0xBAA7C79: asn1_array2tree (in /usr/lib/x86_64-linux-gnu/libtasn1.so.6.5.5)
==11==    by 0xA36BD14: ??? (in /usr/lib/x86_64-linux-gnu/libgnutls.so.30.14.10)
==11==    by 0xA34A650: ??? (in /usr/lib/x86_64-linux-gnu/libgnutls.so.30.14.10)
==11==    by 0x40108D2: call_init (dl-init.c:72)
==11==    by 0x40108D2: _dl_init (dl-init.c:119)
==11==    by 0x40010C9: ??? (in /lib/x86_64-linux-gnu/ld-2.27.so)
==11==    by 0x15: ???
==11==    by 0x1FFF000D72: ???
==11==    by 0x1FFF000D81: ???
==11==    by 0x1FFF000D84: ???
==11==    by 0x1FFF000D99: ???
==11== 
==11== LEAK SUMMARY:
==11==    definitely lost: 0 bytes in 0 blocks
==11==    indirectly lost: 0 bytes in 0 blocks
==11==      possibly lost: 0 bytes in 0 blocks
==11==    still reachable: 98,354 bytes in 711 blocks
==11==         suppressed: 0 bytes in 0 blocks
==11== 
==11== For counts of detected and suppressed errors, rerun with: -v
==11== ERROR SUMMARY: 0 errors from 0 contexts (suppressed: 0 from 0)
